12:23:06.172 [Worker-87] INFO  o.a.AndroidAnnotationProcessor:84 - Initialize AndroidAnnotations 3.2 with options {phase=BUILD}
12:23:06.173 [Worker-87] INFO  o.a.AndroidAnnotationProcessor:108 - Start processing for 4 annotations on 31 elements
12:23:06.187 [Worker-87] DEBUG o.a.h.AndroidManifestFinder:137 - AndroidManifest.xml file found in parent folder G:\workspace\XiyouLib\XiyouLibrary: G:\workspace\XiyouLib\XiyouLibrary\AndroidManifest.xml
12:23:06.188 [Worker-87] INFO  o.a.AndroidAnnotationProcessor:171 - AndroidManifest.xml found: AndroidManifest [applicationPackage=com.tz.xiyoulibrary, componentQualifiedNames=[com.tz.xiyoulibrary.activity.main.MainActivity_, com.tz.xiyoulibrary.activity.login.view.LoginActivity_], permissionQualifiedNames=[android.permission.INTERNET], applicationClassName=com.tz.xiyoulibrary.application.Application, libraryProject=false, debugabble=false, minSdkVersion=14, maxSdkVersion=-1, targetSdkVersion=19]
12:23:06.189 [Worker-87] INFO  o.a.r.ProjectRClassFinder:50 - Found project R class: com.tz.xiyoulibrary.R
12:23:06.192 [Worker-87] INFO  o.a.r.AndroidRClassFinder:44 - Found Android class: android.R
12:23:06.195 [Worker-87] INFO  o.a.p.ModelValidator:42 - Validating elements
12:23:06.196 [Worker-87] DEBUG o.a.p.ModelValidator:62 - Validating with EActivityHandler: [com.tz.xiyoulibrary.activity.main.MainActivity, com.tz.xiyoulibrary.activity.login.view.LoginActivity]
12:23:06.196 [Worker-87] DEBUG o.a.p.ModelValidator:62 - Validating with ViewByIdHandler: [mRelativeLayoutBack, mCheckBoxSavePassword, mEditTextUserName, mEditTextPassWord, mButtonLogin]
12:23:06.198 [Worker-87] DEBUG o.a.p.ModelValidator:62 - Validating with ClickHandler: [public void back() , public void login() ]
12:23:06.199 [Worker-87] DEBUG o.a.p.ModelValidator:62 - Validating with AfterViewsHandler: [public void init() ]
12:23:06.200 [Worker-87] INFO  o.a.p.ModelProcessor:69 - Processing root elements
12:23:06.200 [Worker-87] DEBUG o.a.p.ModelProcessor:160 - Processing root elements EActivityHandler: [com.tz.xiyoulibrary.activity.main.MainActivity, com.tz.xiyoulibrary.activity.login.view.LoginActivity]
12:23:06.202 [Worker-87] INFO  o.a.p.ModelProcessor:77 - Processing enclosed elements
12:23:06.203 [Worker-87] INFO  o.a.AndroidAnnotationProcessor:250 - Number of files generated by AndroidAnnotations: 2
12:23:06.204 [Worker-87] INFO  o.a.g.ApiCodeGenerator:52 - Writting following API classes in project: []
12:23:06.204 [Worker-87] DEBUG o.a.g.SourceCodewriter:55 - Generating class: com.tz.xiyoulibrary.activity.login.view.LoginActivity_
12:23:06.210 [Worker-87] DEBUG o.a.g.SourceCodewriter:55 - Generating class: com.tz.xiyoulibrary.activity.main.MainActivity_
12:23:06.214 [Worker-87] INFO  o.a.p.TimeStats:81 - Time measurements: [Whole Processing = 41 ms], [Extract Annotations = 12 ms], [Generate Sources = 11 ms], [Find R Classes = 6 ms], [Validate Annotations = 5 ms], [Process Annotations = 3 ms], [Extract Manifest = 2 ms], 
12:23:06.214 [Worker-87] INFO  o.a.AndroidAnnotationProcessor:122 - Finish processing
12:23:07.503 [Worker-89] INFO  o.a.AndroidAnnotationProcessor:84 - Initialize AndroidAnnotations 3.2 with options {phase=BUILD}
12:23:54.380 [Worker-86] INFO  o.a.AndroidAnnotationProcessor:84 - Initialize AndroidAnnotations 3.2 with options {phase=BUILD}
12:23:54.381 [Worker-86] INFO  o.a.AndroidAnnotationProcessor:108 - Start processing for 4 annotations on 5 elements
12:23:54.390 [Worker-86] DEBUG o.a.h.AndroidManifestFinder:137 - AndroidManifest.xml file found in parent folder G:\workspace\XiyouLib\XiyouLibrary: G:\workspace\XiyouLib\XiyouLibrary\AndroidManifest.xml
12:23:54.392 [Worker-86] INFO  o.a.AndroidAnnotationProcessor:171 - AndroidManifest.xml found: AndroidManifest [applicationPackage=com.tz.xiyoulibrary, componentQualifiedNames=[com.tz.xiyoulibrary.activity.main.MainActivity_, com.tz.xiyoulibrary.activity.login.view.LoginActivity_], permissionQualifiedNames=[android.permission.INTERNET], applicationClassName=com.tz.xiyoulibrary.application.Application, libraryProject=false, debugabble=false, minSdkVersion=14, maxSdkVersion=-1, targetSdkVersion=19]
12:23:54.393 [Worker-86] INFO  o.a.r.ProjectRClassFinder:50 - Found project R class: com.tz.xiyoulibrary.R
12:23:54.398 [Worker-86] INFO  o.a.r.AndroidRClassFinder:44 - Found Android class: android.R
12:23:54.403 [Worker-86] INFO  o.a.p.ModelValidator:42 - Validating elements
12:23:54.404 [Worker-86] DEBUG o.a.p.ModelValidator:62 - Validating with EActivityHandler: [com.tz.xiyoulibrary.activity.login.view.LoginActivity]
12:23:54.405 [Worker-86] DEBUG o.a.p.ModelValidator:62 - Validating with ViewByIdHandler: [mCheckBoxSavePassword, mButtonLogin, mEditTextUserName, mEditTextPassWord, mRelativeLayoutBack]
12:23:54.408 [Worker-86] DEBUG o.a.p.ModelValidator:62 - Validating with ClickHandler: [public void back() , public void login() ]
12:23:54.409 [Worker-86] DEBUG o.a.p.ModelValidator:62 - Validating with AfterViewsHandler: [public void init() ]
12:23:54.410 [Worker-86] INFO  o.a.p.ModelProcessor:69 - Processing root elements
12:23:54.411 [Worker-86] DEBUG o.a.p.ModelProcessor:160 - Processing root elements EActivityHandler: [com.tz.xiyoulibrary.activity.login.view.LoginActivity]
12:23:54.413 [Worker-86] INFO  o.a.p.ModelProcessor:77 - Processing enclosed elements
12:23:54.414 [Worker-86] INFO  o.a.AndroidAnnotationProcessor:250 - Number of files generated by AndroidAnnotations: 1
12:23:54.415 [Worker-86] INFO  o.a.g.ApiCodeGenerator:52 - Writting following API classes in project: []
12:23:54.416 [Worker-86] DEBUG o.a.g.SourceCodewriter:55 - Generating class: com.tz.xiyoulibrary.activity.login.view.LoginActivity_
12:23:54.429 [Worker-86] INFO  o.a.p.TimeStats:81 - Time measurements: [Whole Processing = 48 ms], [Generate Sources = 15 ms], [Find R Classes = 10 ms], [Extract Annotations = 7 ms], [Validate Annotations = 7 ms], [Process Annotations = 4 ms], [Extract Manifest = 3 ms], 
12:23:54.430 [Worker-86] INFO  o.a.AndroidAnnotationProcessor:122 - Finish processing
12:30:44.57 [Worker-95] INFO  o.a.AndroidAnnotationProcessor:84 - Initialize AndroidAnnotations 3.2 with options {phase=BUILD}
12:30:44.125 [Worker-95] INFO  o.a.AndroidAnnotationProcessor:108 - Start processing for 4 annotations on 10 elements
12:30:44.142 [Worker-95] DEBUG o.a.h.AndroidManifestFinder:137 - AndroidManifest.xml file found in parent folder G:\workspace\XiyouLib\XiyouLibrary: G:\workspace\XiyouLib\XiyouLibrary\AndroidManifest.xml
12:30:44.144 [Worker-95] INFO  o.a.AndroidAnnotationProcessor:171 - AndroidManifest.xml found: AndroidManifest [applicationPackage=com.tz.xiyoulibrary, componentQualifiedNames=[com.tz.xiyoulibrary.activity.main.MainActivity_, com.tz.xiyoulibrary.activity.login.view.LoginActivity_], permissionQualifiedNames=[android.permission.INTERNET], applicationClassName=com.tz.xiyoulibrary.application.Application, libraryProject=false, debugabble=false, minSdkVersion=14, maxSdkVersion=-1, targetSdkVersion=19]
12:30:44.145 [Worker-95] INFO  o.a.r.ProjectRClassFinder:50 - Found project R class: com.tz.xiyoulibrary.R
12:30:44.147 [Worker-95] INFO  o.a.r.AndroidRClassFinder:44 - Found Android class: android.R
12:30:44.151 [Worker-95] INFO  o.a.p.ModelValidator:42 - Validating elements
12:30:44.153 [Worker-95] DEBUG o.a.p.ModelValidator:62 - Validating with EActivityHandler: [com.tz.xiyoulibrary.activity.main.MainActivity, com.tz.xiyoulibrary.activity.login.view.LoginActivity]
12:30:44.154 [Worker-95] DEBUG o.a.p.ModelValidator:62 - Validating with ViewByIdHandler: [mButtonLogin, mRelativeLayoutBack, mEditTextUserName, mEditTextPassWord, mCheckBoxSavePassword]
12:30:44.156 [Worker-95] DEBUG o.a.p.ModelValidator:62 - Validating with ClickHandler: [public void back() , public void login() ]
12:30:44.157 [Worker-95] DEBUG o.a.p.ModelValidator:62 - Validating with AfterViewsHandler: [public void init() ]
12:30:44.158 [Worker-95] INFO  o.a.p.ModelProcessor:69 - Processing root elements
12:30:44.159 [Worker-95] DEBUG o.a.p.ModelProcessor:160 - Processing root elements EActivityHandler: [com.tz.xiyoulibrary.activity.main.MainActivity, com.tz.xiyoulibrary.activity.login.view.LoginActivity]
12:30:44.161 [Worker-95] INFO  o.a.p.ModelProcessor:77 - Processing enclosed elements
12:30:44.162 [Worker-95] DEBUG o.a.p.ModelProcessor:89 - Processing enclosed elements with ViewByIdHandler: [org.androidannotations.model.AnnotationElements$AnnotatedAndRootElements@458a1c02, org.androidannotations.model.AnnotationElements$AnnotatedAndRootElements@5f058505, org.androidannotations.model.AnnotationElements$AnnotatedAndRootElements@36dc740f, org.androidannotations.model.AnnotationElements$AnnotatedAndRootElements@542e784e, org.androidannotations.model.AnnotationElements$AnnotatedAndRootElements@6e34eaf8]
12:30:44.163 [Worker-95] DEBUG o.a.p.ModelProcessor:89 - Processing enclosed elements with ClickHandler: [org.androidannotations.model.AnnotationElements$AnnotatedAndRootElements@59ff672e, org.androidannotations.model.AnnotationElements$AnnotatedAndRootElements@431b1ba5]
12:30:44.165 [Worker-95] DEBUG o.a.p.ModelProcessor:89 - Processing enclosed elements with AfterViewsHandler: [org.androidannotations.model.AnnotationElements$AnnotatedAndRootElements@ecf2b2b]
12:30:44.166 [Worker-95] INFO  o.a.AndroidAnnotationProcessor:250 - Number of files generated by AndroidAnnotations: 2
12:30:44.167 [Worker-95] INFO  o.a.g.ApiCodeGenerator:52 - Writting following API classes in project: []
12:30:44.168 [Worker-95] DEBUG o.a.g.SourceCodewriter:55 - Generating class: com.tz.xiyoulibrary.activity.login.view.LoginActivity_
12:30:44.202 [Worker-95] DEBUG o.a.g.SourceCodewriter:55 - Generating class: com.tz.xiyoulibrary.activity.main.MainActivity_
12:30:44.205 [Worker-95] INFO  o.a.p.TimeStats:81 - Time measurements: [Whole Processing = 80 ms], [Generate Sources = 39 ms], [Extract Annotations = 15 ms], [Process Annotations = 8 ms], [Validate Annotations = 7 ms], [Find R Classes = 6 ms], [Extract Manifest = 3 ms], 
12:30:44.207 [Worker-95] INFO  o.a.AndroidAnnotationProcessor:122 - Finish processing
12:32:06.304 [Worker-96] INFO  o.a.AndroidAnnotationProcessor:84 - Initialize AndroidAnnotations 3.2 with options {phase=BUILD}
12:32:30.165 [Worker-97] INFO  o.a.AndroidAnnotationProcessor:84 - Initialize AndroidAnnotations 3.2 with options {phase=BUILD}
12:32:33.783 [Worker-90] INFO  o.a.AndroidAnnotationProcessor:84 - Initialize AndroidAnnotations 3.2 with options {phase=BUILD}
12:32:53.385 [Worker-90] INFO  o.a.AndroidAnnotationProcessor:84 - Initialize AndroidAnnotations 3.2 with options {phase=BUILD}
12:32:53.386 [Worker-90] INFO  o.a.AndroidAnnotationProcessor:108 - Start processing for 4 annotations on 1 elements
12:32:53.395 [Worker-90] DEBUG o.a.h.AndroidManifestFinder:137 - AndroidManifest.xml file found in parent folder G:\workspace\XiyouLib\XiyouLibrary: G:\workspace\XiyouLib\XiyouLibrary\AndroidManifest.xml
12:32:53.397 [Worker-90] INFO  o.a.AndroidAnnotationProcessor:171 - AndroidManifest.xml found: AndroidManifest [applicationPackage=com.tz.xiyoulibrary, componentQualifiedNames=[com.tz.xiyoulibrary.activity.main.MainActivity_, com.tz.xiyoulibrary.activity.login.view.LoginActivity_], permissionQualifiedNames=[android.permission.INTERNET], applicationClassName=com.tz.xiyoulibrary.application.Application, libraryProject=false, debugabble=false, minSdkVersion=14, maxSdkVersion=-1, targetSdkVersion=19]
12:32:53.398 [Worker-90] INFO  o.a.r.ProjectRClassFinder:50 - Found project R class: com.tz.xiyoulibrary.R
12:32:53.400 [Worker-90] INFO  o.a.r.AndroidRClassFinder:44 - Found Android class: android.R
12:32:53.404 [Worker-90] INFO  o.a.p.ModelValidator:42 - Validating elements
12:32:53.405 [Worker-90] DEBUG o.a.p.ModelValidator:62 - Validating with EActivityHandler: [com.tz.xiyoulibrary.activity.login.view.LoginActivity]
12:32:53.406 [Worker-90] DEBUG o.a.p.ModelValidator:62 - Validating with ViewByIdHandler: [mCheckBoxSavePassword, mRelativeLayoutBack, mEditTextUserName, mButtonLogin, mEditTextPassWord]
12:32:53.408 [Worker-90] DEBUG o.a.p.ModelValidator:62 - Validating with ClickHandler: [public void login() , public void back() ]
12:32:53.409 [Worker-90] DEBUG o.a.p.ModelValidator:62 - Validating with AfterViewsHandler: [public void init() ]
12:32:53.409 [Worker-90] INFO  o.a.p.ModelProcessor:69 - Processing root elements
12:32:53.410 [Worker-90] DEBUG o.a.p.ModelProcessor:160 - Processing root elements EActivityHandler: [com.tz.xiyoulibrary.activity.login.view.LoginActivity]
12:32:53.412 [Worker-90] INFO  o.a.p.ModelProcessor:77 - Processing enclosed elements
12:32:53.414 [Worker-90] INFO  o.a.AndroidAnnotationProcessor:250 - Number of files generated by AndroidAnnotations: 1
12:32:53.414 [Worker-90] INFO  o.a.g.ApiCodeGenerator:52 - Writting following API classes in project: []
12:32:53.415 [Worker-90] DEBUG o.a.g.SourceCodewriter:55 - Generating class: com.tz.xiyoulibrary.activity.login.view.LoginActivity_
12:32:53.424 [Worker-90] INFO  o.a.p.TimeStats:81 - Time measurements: [Whole Processing = 38 ms], [Generate Sources = 10 ms], [Extract Annotations = 8 ms], [Find R Classes = 6 ms], [Validate Annotations = 5 ms], [Process Annotations = 5 ms], [Extract Manifest = 2 ms], 
12:32:53.425 [Worker-90] INFO  o.a.AndroidAnnotationProcessor:122 - Finish processing
12:33:21.599 [Worker-94] INFO  o.a.AndroidAnnotationProcessor:84 - Initialize AndroidAnnotations 3.2 with options {phase=BUILD}
12:33:21.601 [Worker-94] INFO  o.a.AndroidAnnotationProcessor:108 - Start processing for 1 annotations on 1 elements
12:33:21.610 [Worker-94] DEBUG o.a.h.AndroidManifestFinder:137 - AndroidManifest.xml file found in parent folder G:\workspace\XiyouLib\XiyouLibrary: G:\workspace\XiyouLib\XiyouLibrary\AndroidManifest.xml
12:33:21.613 [Worker-94] INFO  o.a.AndroidAnnotationProcessor:171 - AndroidManifest.xml found: AndroidManifest [applicationPackage=com.tz.xiyoulibrary, componentQualifiedNames=[com.tz.xiyoulibrary.activity.main.MainActivity_, com.tz.xiyoulibrary.activity.login.view.LoginActivity_], permissionQualifiedNames=[android.permission.INTERNET], applicationClassName=com.tz.xiyoulibrary.application.Application, libraryProject=false, debugabble=false, minSdkVersion=14, maxSdkVersion=-1, targetSdkVersion=19]
12:33:21.614 [Worker-94] INFO  o.a.r.ProjectRClassFinder:50 - Found project R class: com.tz.xiyoulibrary.R
12:33:21.616 [Worker-94] INFO  o.a.r.AndroidRClassFinder:44 - Found Android class: android.R
12:33:21.620 [Worker-94] INFO  o.a.p.ModelValidator:42 - Validating elements
12:33:21.621 [Worker-94] DEBUG o.a.p.ModelValidator:62 - Validating with EActivityHandler: [com.tz.xiyoulibrary.activity.main.MainActivity]
12:33:21.622 [Worker-94] INFO  o.a.p.ModelProcessor:69 - Processing root elements
12:33:21.623 [Worker-94] DEBUG o.a.p.ModelProcessor:160 - Processing root elements EActivityHandler: [com.tz.xiyoulibrary.activity.main.MainActivity]
12:33:21.625 [Worker-94] INFO  o.a.p.ModelProcessor:77 - Processing enclosed elements
12:33:21.626 [Worker-94] INFO  o.a.AndroidAnnotationProcessor:250 - Number of files generated by AndroidAnnotations: 1
12:33:21.627 [Worker-94] INFO  o.a.g.ApiCodeGenerator:52 - Writting following API classes in project: []
12:33:21.627 [Worker-94] DEBUG o.a.g.SourceCodewriter:55 - Generating class: com.tz.xiyoulibrary.activity.main.MainActivity_
12:33:21.630 [Worker-94] INFO  o.a.p.TimeStats:81 - Time measurements: [Whole Processing = 29 ms], [Extract Annotations = 8 ms], [Find R Classes = 6 ms], [Process Annotations = 4 ms], [Generate Sources = 4 ms], [Extract Manifest = 3 ms], [Validate Annotations = 2 ms], 
12:33:21.631 [Worker-94] INFO  o.a.AndroidAnnotationProcessor:122 - Finish processing
12:33:25.522 [Worker-94] INFO  o.a.AndroidAnnotationProcessor:84 - Initialize AndroidAnnotations 3.2 with options {phase=BUILD}
12:33:25.524 [Worker-94] INFO  o.a.AndroidAnnotationProcessor:108 - Start processing for 1 annotations on 1 elements
12:33:25.534 [Worker-94] DEBUG o.a.h.AndroidManifestFinder:137 - AndroidManifest.xml file found in parent folder G:\workspace\XiyouLib\XiyouLibrary: G:\workspace\XiyouLib\XiyouLibrary\AndroidManifest.xml
12:33:25.537 [Worker-94] INFO  o.a.AndroidAnnotationProcessor:171 - AndroidManifest.xml found: AndroidManifest [applicationPackage=com.tz.xiyoulibrary, componentQualifiedNames=[com.tz.xiyoulibrary.activity.main.MainActivity_, com.tz.xiyoulibrary.activity.login.view.LoginActivity_], permissionQualifiedNames=[android.permission.INTERNET], applicationClassName=com.tz.xiyoulibrary.application.Application, libraryProject=false, debugabble=false, minSdkVersion=14, maxSdkVersion=-1, targetSdkVersion=19]
12:33:25.538 [Worker-94] INFO  o.a.r.ProjectRClassFinder:50 - Found project R class: com.tz.xiyoulibrary.R
12:33:25.540 [Worker-94] INFO  o.a.r.AndroidRClassFinder:44 - Found Android class: android.R
12:33:25.544 [Worker-94] INFO  o.a.p.ModelValidator:42 - Validating elements
12:33:25.545 [Worker-94] DEBUG o.a.p.ModelValidator:62 - Validating with EActivityHandler: [com.tz.xiyoulibrary.activity.main.MainActivity]
12:33:25.547 [Worker-94] INFO  o.a.p.ModelProcessor:69 - Processing root elements
12:33:25.548 [Worker-94] DEBUG o.a.p.ModelProcessor:160 - Processing root elements EActivityHandler: [com.tz.xiyoulibrary.activity.main.MainActivity]
12:33:25.549 [Worker-94] INFO  o.a.p.ModelProcessor:77 - Processing enclosed elements
12:33:25.550 [Worker-94] INFO  o.a.AndroidAnnotationProcessor:250 - Number of files generated by AndroidAnnotations: 1
12:33:25.551 [Worker-94] INFO  o.a.g.ApiCodeGenerator:52 - Writting following API classes in project: []
12:33:25.552 [Worker-94] DEBUG o.a.g.SourceCodewriter:55 - Generating class: com.tz.xiyoulibrary.activity.main.MainActivity_
12:33:25.554 [Worker-94] INFO  o.a.p.TimeStats:81 - Time measurements: [Whole Processing = 30 ms], [Extract Annotations = 9 ms], [Find R Classes = 6 ms], [Generate Sources = 4 ms], [Extract Manifest = 3 ms], [Validate Annotations = 3 ms], [Process Annotations = 3 ms], 
12:33:25.555 [Worker-94] INFO  o.a.AndroidAnnotationProcessor:122 - Finish processing
12:36:28.202 [Worker-93] INFO  o.a.AndroidAnnotationProcessor:84 - Initialize AndroidAnnotations 3.2 with options {phase=BUILD}
12:36:28.275 [Worker-93] INFO  o.a.AndroidAnnotationProcessor:108 - Start processing for 4 annotations on 10 elements
12:36:28.290 [Worker-93] DEBUG o.a.h.AndroidManifestFinder:137 - AndroidManifest.xml file found in parent folder G:\workspace\XiyouLib\XiyouLibrary: G:\workspace\XiyouLib\XiyouLibrary\AndroidManifest.xml
12:36:28.292 [Worker-93] INFO  o.a.AndroidAnnotationProcessor:171 - AndroidManifest.xml found: AndroidManifest [applicationPackage=com.tz.xiyoulibrary, componentQualifiedNames=[com.tz.xiyoulibrary.activity.main.MainActivity_, com.tz.xiyoulibrary.activity.login.view.LoginActivity_], permissionQualifiedNames=[android.permission.INTERNET], applicationClassName=com.tz.xiyoulibrary.application.Application, libraryProject=false, debugabble=false, minSdkVersion=14, maxSdkVersion=-1, targetSdkVersion=19]
12:36:28.292 [Worker-93] INFO  o.a.r.ProjectRClassFinder:50 - Found project R class: com.tz.xiyoulibrary.R
12:36:28.294 [Worker-93] INFO  o.a.r.AndroidRClassFinder:44 - Found Android class: android.R
12:36:28.299 [Worker-93] INFO  o.a.p.ModelValidator:42 - Validating elements
12:36:28.300 [Worker-93] DEBUG o.a.p.ModelValidator:62 - Validating with EActivityHandler: [com.tz.xiyoulibrary.activity.main.MainActivity, com.tz.xiyoulibrary.activity.login.view.LoginActivity]
12:36:28.301 [Worker-93] DEBUG o.a.p.ModelValidator:62 - Validating with ViewByIdHandler: [mRelativeLayoutBack, mEditTextUserName, mCheckBoxSavePassword, mEditTextPassWord, mButtonLogin]
12:36:28.302 [Worker-93] DEBUG o.a.p.ModelValidator:62 - Validating with ClickHandler: [public void login() , public void back() ]
12:36:28.303 [Worker-93] DEBUG o.a.p.ModelValidator:62 - Validating with AfterViewsHandler: [public void init() ]
12:36:28.304 [Worker-93] INFO  o.a.p.ModelProcessor:69 - Processing root elements
12:36:28.305 [Worker-93] DEBUG o.a.p.ModelProcessor:160 - Processing root elements EActivityHandler: [com.tz.xiyoulibrary.activity.main.MainActivity, com.tz.xiyoulibrary.activity.login.view.LoginActivity]
12:36:28.306 [Worker-93] INFO  o.a.p.ModelProcessor:77 - Processing enclosed elements
12:36:28.307 [Worker-93] DEBUG o.a.p.ModelProcessor:89 - Processing enclosed elements with ViewByIdHandler: [org.androidannotations.model.AnnotationElements$AnnotatedAndRootElements@1988cf3f, org.androidannotations.model.AnnotationElements$AnnotatedAndRootElements@386eda9c, org.androidannotations.model.AnnotationElements$AnnotatedAndRootElements@3ac536b3, org.androidannotations.model.AnnotationElements$AnnotatedAndRootElements@698a3fe9, org.androidannotations.model.AnnotationElements$AnnotatedAndRootElements@64de3e31]
12:36:28.308 [Worker-93] DEBUG o.a.p.ModelProcessor:89 - Processing enclosed elements with ClickHandler: [org.androidannotations.model.AnnotationElements$AnnotatedAndRootElements@475eb37e, org.androidannotations.model.AnnotationElements$AnnotatedAndRootElements@5ffe8208]
12:36:28.309 [Worker-93] DEBUG o.a.p.ModelProcessor:89 - Processing enclosed elements with AfterViewsHandler: [org.androidannotations.model.AnnotationElements$AnnotatedAndRootElements@3e0b0c74]
12:36:28.309 [Worker-93] INFO  o.a.AndroidAnnotationProcessor:250 - Number of files generated by AndroidAnnotations: 2
12:36:28.310 [Worker-93] INFO  o.a.g.ApiCodeGenerator:52 - Writting following API classes in project: []
12:36:28.310 [Worker-93] DEBUG o.a.g.SourceCodewriter:55 - Generating class: com.tz.xiyoulibrary.activity.login.view.LoginActivity_
12:36:28.321 [Worker-93] DEBUG o.a.g.SourceCodewriter:55 - Generating class: com.tz.xiyoulibrary.activity.main.MainActivity_
12:36:28.323 [Worker-93] INFO  o.a.p.TimeStats:81 - Time measurements: [Whole Processing = 48 ms], [Extract Annotations = 14 ms], [Generate Sources = 14 ms], [Find R Classes = 7 ms], [Validate Annotations = 5 ms], [Process Annotations = 5 ms], [Extract Manifest = 2 ms], 
12:36:28.324 [Worker-93] INFO  o.a.AndroidAnnotationProcessor:122 - Finish processing
12:37:08.376 [Worker-97] INFO  o.a.AndroidAnnotationProcessor:84 - Initialize AndroidAnnotations 3.2 with options {phase=BUILD}
12:37:08.434 [Worker-97] INFO  o.a.AndroidAnnotationProcessor:108 - Start processing for 4 annotations on 10 elements
12:37:08.449 [Worker-97] DEBUG o.a.h.AndroidManifestFinder:137 - AndroidManifest.xml file found in parent folder G:\workspace\XiyouLib\XiyouLibrary: G:\workspace\XiyouLib\XiyouLibrary\AndroidManifest.xml
12:37:08.451 [Worker-97] INFO  o.a.AndroidAnnotationProcessor:171 - AndroidManifest.xml found: AndroidManifest [applicationPackage=com.tz.xiyoulibrary, componentQualifiedNames=[com.tz.xiyoulibrary.activity.main.MainActivity_, com.tz.xiyoulibrary.activity.login.view.LoginActivity_], permissionQualifiedNames=[android.permission.INTERNET], applicationClassName=com.tz.xiyoulibrary.application.Application, libraryProject=false, debugabble=false, minSdkVersion=14, maxSdkVersion=-1, targetSdkVersion=19]
12:37:08.452 [Worker-97] INFO  o.a.r.ProjectRClassFinder:50 - Found project R class: com.tz.xiyoulibrary.R
12:37:08.453 [Worker-97] INFO  o.a.r.AndroidRClassFinder:44 - Found Android class: android.R
12:37:08.458 [Worker-97] INFO  o.a.p.ModelValidator:42 - Validating elements
12:37:08.459 [Worker-97] DEBUG o.a.p.ModelValidator:62 - Validating with EActivityHandler: [com.tz.xiyoulibrary.activity.main.MainActivity, com.tz.xiyoulibrary.activity.login.view.LoginActivity]
12:37:08.460 [Worker-97] DEBUG o.a.p.ModelValidator:62 - Validating with ViewByIdHandler: [mRelativeLayoutBack, mEditTextPassWord, mButtonLogin, mEditTextUserName, mCheckBoxSavePassword]
12:37:08.461 [Worker-97] DEBUG o.a.p.ModelValidator:62 - Validating with ClickHandler: [public void back() , public void login() ]
12:37:08.462 [Worker-97] DEBUG o.a.p.ModelValidator:62 - Validating with AfterViewsHandler: [public void init() ]
12:37:08.463 [Worker-97] INFO  o.a.p.ModelProcessor:69 - Processing root elements
12:37:08.464 [Worker-97] DEBUG o.a.p.ModelProcessor:160 - Processing root elements EActivityHandler: [com.tz.xiyoulibrary.activity.main.MainActivity, com.tz.xiyoulibrary.activity.login.view.LoginActivity]
12:37:08.465 [Worker-97] INFO  o.a.p.ModelProcessor:77 - Processing enclosed elements
12:37:08.466 [Worker-97] DEBUG o.a.p.ModelProcessor:89 - Processing enclosed elements with ViewByIdHandler: [org.androidannotations.model.AnnotationElements$AnnotatedAndRootElements@3b159893, org.androidannotations.model.AnnotationElements$AnnotatedAndRootElements@2f19947f, org.androidannotations.model.AnnotationElements$AnnotatedAndRootElements@7dba4767, org.androidannotations.model.AnnotationElements$AnnotatedAndRootElements@6d3f933, org.androidannotations.model.AnnotationElements$AnnotatedAndRootElements@38643601]
12:37:08.467 [Worker-97] DEBUG o.a.p.ModelProcessor:89 - Processing enclosed elements with ClickHandler: [org.androidannotations.model.AnnotationElements$AnnotatedAndRootElements@3a1b65b, org.androidannotations.model.AnnotationElements$AnnotatedAndRootElements@70efeee9]
12:37:08.468 [Worker-97] DEBUG o.a.p.ModelProcessor:89 - Processing enclosed elements with AfterViewsHandler: [org.androidannotations.model.AnnotationElements$AnnotatedAndRootElements@182e3cec]
12:37:08.468 [Worker-97] INFO  o.a.AndroidAnnotationProcessor:250 - Number of files generated by AndroidAnnotations: 2
12:37:08.469 [Worker-97] INFO  o.a.g.ApiCodeGenerator:52 - Writting following API classes in project: []
12:37:08.469 [Worker-97] DEBUG o.a.g.SourceCodewriter:55 - Generating class: com.tz.xiyoulibrary.activity.login.view.LoginActivity_
12:37:08.480 [Worker-97] DEBUG o.a.g.SourceCodewriter:55 - Generating class: com.tz.xiyoulibrary.activity.main.MainActivity_
12:37:08.482 [Worker-97] INFO  o.a.p.TimeStats:81 - Time measurements: [Whole Processing = 48 ms], [Extract Annotations = 14 ms], [Generate Sources = 14 ms], [Find R Classes = 6 ms], [Validate Annotations = 5 ms], [Process Annotations = 5 ms], [Extract Manifest = 2 ms], 
12:37:08.483 [Worker-97] INFO  o.a.AndroidAnnotationProcessor:122 - Finish processing
12:39:04.561 [Worker-95] INFO  o.a.AndroidAnnotationProcessor:84 - Initialize AndroidAnnotations 3.2 with options {phase=BUILD}
12:39:04.621 [Worker-95] INFO  o.a.AndroidAnnotationProcessor:108 - Start processing for 4 annotations on 10 elements
12:39:04.635 [Worker-95] DEBUG o.a.h.AndroidManifestFinder:137 - AndroidManifest.xml file found in parent folder G:\workspace\XiyouLib\XiyouLibrary: G:\workspace\XiyouLib\XiyouLibrary\AndroidManifest.xml
12:39:04.637 [Worker-95] INFO  o.a.AndroidAnnotationProcessor:171 - AndroidManifest.xml found: AndroidManifest [applicationPackage=com.tz.xiyoulibrary, componentQualifiedNames=[com.tz.xiyoulibrary.activity.main.MainActivity_, com.tz.xiyoulibrary.activity.login.view.LoginActivity_], permissionQualifiedNames=[android.permission.INTERNET], applicationClassName=com.tz.xiyoulibrary.application.Application, libraryProject=false, debugabble=false, minSdkVersion=14, maxSdkVersion=-1, targetSdkVersion=19]
12:39:04.638 [Worker-95] INFO  o.a.r.ProjectRClassFinder:50 - Found project R class: com.tz.xiyoulibrary.R
12:39:04.640 [Worker-95] INFO  o.a.r.AndroidRClassFinder:44 - Found Android class: android.R
12:39:04.644 [Worker-95] INFO  o.a.p.ModelValidator:42 - Validating elements
12:39:04.645 [Worker-95] DEBUG o.a.p.ModelValidator:62 - Validating with EActivityHandler: [com.tz.xiyoulibrary.activity.main.MainActivity, com.tz.xiyoulibrary.activity.login.view.LoginActivity]
12:39:04.646 [Worker-95] DEBUG o.a.p.ModelValidator:62 - Validating with ViewByIdHandler: [mEditTextPassWord, mEditTextUserName, mButtonLogin, mCheckBoxSavePassword, mRelativeLayoutBack]
12:39:04.647 [Worker-95] DEBUG o.a.p.ModelValidator:62 - Validating with ClickHandler: [public void login() , public void back() ]
12:39:04.648 [Worker-95] DEBUG o.a.p.ModelValidator:62 - Validating with AfterViewsHandler: [public void init() ]
12:39:04.649 [Worker-95] INFO  o.a.p.ModelProcessor:69 - Processing root elements
12:39:04.650 [Worker-95] DEBUG o.a.p.ModelProcessor:160 - Processing root elements EActivityHandler: [com.tz.xiyoulibrary.activity.main.MainActivity, com.tz.xiyoulibrary.activity.login.view.LoginActivity]
12:39:04.651 [Worker-95] INFO  o.a.p.ModelProcessor:77 - Processing enclosed elements
12:39:04.652 [Worker-95] DEBUG o.a.p.ModelProcessor:89 - Processing enclosed elements with ViewByIdHandler: [org.androidannotations.model.AnnotationElements$AnnotatedAndRootElements@6fcccb54, org.androidannotations.model.AnnotationElements$AnnotatedAndRootElements@3bdba8e1, org.androidannotations.model.AnnotationElements$AnnotatedAndRootElements@620299bb, org.androidannotations.model.AnnotationElements$AnnotatedAndRootElements@18baf642, org.androidannotations.model.AnnotationElements$AnnotatedAndRootElements@522c6a7a]
12:39:04.653 [Worker-95] DEBUG o.a.p.ModelProcessor:89 - Processing enclosed elements with ClickHandler: [org.androidannotations.model.AnnotationElements$AnnotatedAndRootElements@60d57845, org.androidannotations.model.AnnotationElements$AnnotatedAndRootElements@6ca09b79]
12:39:04.654 [Worker-95] DEBUG o.a.p.ModelProcessor:89 - Processing enclosed elements with AfterViewsHandler: [org.androidannotations.model.AnnotationElements$AnnotatedAndRootElements@5ecb2bad]
12:39:04.655 [Worker-95] INFO  o.a.AndroidAnnotationProcessor:250 - Number of files generated by AndroidAnnotations: 2
12:39:04.655 [Worker-95] INFO  o.a.g.ApiCodeGenerator:52 - Writting following API classes in project: []
12:39:04.656 [Worker-95] DEBUG o.a.g.SourceCodewriter:55 - Generating class: com.tz.xiyoulibrary.activity.login.view.LoginActivity_
12:39:04.667 [Worker-95] DEBUG o.a.g.SourceCodewriter:55 - Generating class: com.tz.xiyoulibrary.activity.main.MainActivity_
12:39:04.669 [Worker-95] INFO  o.a.p.TimeStats:81 - Time measurements: [Whole Processing = 48 ms], [Generate Sources = 14 ms], [Extract Annotations = 13 ms], [Find R Classes = 6 ms], [Process Annotations = 6 ms], [Validate Annotations = 5 ms], [Extract Manifest = 2 ms], 
12:39:04.670 [Worker-95] INFO  o.a.AndroidAnnotationProcessor:122 - Finish processing
12:41:36.435 [Worker-97] INFO  o.a.AndroidAnnotationProcessor:84 - Initialize AndroidAnnotations 3.2 with options {phase=BUILD}
12:41:36.502 [Worker-97] INFO  o.a.AndroidAnnotationProcessor:108 - Start processing for 4 annotations on 10 elements
12:41:36.517 [Worker-97] DEBUG o.a.h.AndroidManifestFinder:137 - AndroidManifest.xml file found in parent folder G:\workspace\XiyouLib\XiyouLibrary: G:\workspace\XiyouLib\XiyouLibrary\AndroidManifest.xml
12:41:36.519 [Worker-97] INFO  o.a.AndroidAnnotationProcessor:171 - AndroidManifest.xml found: AndroidManifest [applicationPackage=com.tz.xiyoulibrary, componentQualifiedNames=[com.tz.xiyoulibrary.activity.main.MainActivity_, com.tz.xiyoulibrary.activity.login.view.LoginActivity_], permissionQualifiedNames=[android.permission.INTERNET], applicationClassName=com.tz.xiyoulibrary.application.Application, libraryProject=false, debugabble=false, minSdkVersion=14, maxSdkVersion=-1, targetSdkVersion=19]
12:41:36.520 [Worker-97] INFO  o.a.r.ProjectRClassFinder:50 - Found project R class: com.tz.xiyoulibrary.R
12:41:36.522 [Worker-97] INFO  o.a.r.AndroidRClassFinder:44 - Found Android class: android.R
12:41:36.527 [Worker-97] INFO  o.a.p.ModelValidator:42 - Validating elements
12:41:36.528 [Worker-97] DEBUG o.a.p.ModelValidator:62 - Validating with EActivityHandler: [com.tz.xiyoulibrary.activity.main.MainActivity, com.tz.xiyoulibrary.activity.login.view.LoginActivity]
12:41:36.529 [Worker-97] DEBUG o.a.p.ModelValidator:62 - Validating with ViewByIdHandler: [mCheckBoxSavePassword, mEditTextPassWord, mEditTextUserName, mRelativeLayoutBack, mButtonLogin]
12:41:36.531 [Worker-97] DEBUG o.a.p.ModelValidator:62 - Validating with ClickHandler: [public void back() , public void login() ]
12:41:36.532 [Worker-97] DEBUG o.a.p.ModelValidator:62 - Validating with AfterViewsHandler: [public void init() ]
12:41:36.533 [Worker-97] INFO  o.a.p.ModelProcessor:69 - Processing root elements
12:41:36.534 [Worker-97] DEBUG o.a.p.ModelProcessor:160 - Processing root elements EActivityHandler: [com.tz.xiyoulibrary.activity.main.MainActivity, com.tz.xiyoulibrary.activity.login.view.LoginActivity]
12:41:36.536 [Worker-97] INFO  o.a.p.ModelProcessor:77 - Processing enclosed elements
12:41:36.537 [Worker-97] DEBUG o.a.p.ModelProcessor:89 - Processing enclosed elements with ViewByIdHandler: [org.androidannotations.model.AnnotationElements$AnnotatedAndRootElements@32252c1c, org.androidannotations.model.AnnotationElements$AnnotatedAndRootElements@57ba3c6, org.androidannotations.model.AnnotationElements$AnnotatedAndRootElements@2672fbfc, org.androidannotations.model.AnnotationElements$AnnotatedAndRootElements@2a3ba655, org.androidannotations.model.AnnotationElements$AnnotatedAndRootElements@46fd711c]
12:41:36.538 [Worker-97] DEBUG o.a.p.ModelProcessor:89 - Processing enclosed elements with ClickHandler: [org.androidannotations.model.AnnotationElements$AnnotatedAndRootElements@5296eb6e, org.androidannotations.model.AnnotationElements$AnnotatedAndRootElements@9998be1]
12:41:36.540 [Worker-97] DEBUG o.a.p.ModelProcessor:89 - Processing enclosed elements with AfterViewsHandler: [org.androidannotations.model.AnnotationElements$AnnotatedAndRootElements@3fae65b3]
12:41:36.541 [Worker-97] INFO  o.a.AndroidAnnotationProcessor:250 - Number of files generated by AndroidAnnotations: 2
12:41:36.542 [Worker-97] INFO  o.a.g.ApiCodeGenerator:52 - Writting following API classes in project: []
12:41:36.543 [Worker-97] DEBUG o.a.g.SourceCodewriter:55 - Generating class: com.tz.xiyoulibrary.activity.login.view.LoginActivity_
12:41:36.557 [Worker-97] DEBUG o.a.g.SourceCodewriter:55 - Generating class: com.tz.xiyoulibrary.activity.main.MainActivity_
12:41:36.559 [Worker-97] INFO  o.a.p.TimeStats:81 - Time measurements: [Whole Processing = 57 ms], [Generate Sources = 18 ms], [Extract Annotations = 14 ms], [Process Annotations = 8 ms], [Find R Classes = 7 ms], [Validate Annotations = 6 ms], [Extract Manifest = 2 ms], 
12:41:36.560 [Worker-97] INFO  o.a.AndroidAnnotationProcessor:122 - Finish processing
12:41:45.84 [Worker-95] INFO  o.a.AndroidAnnotationProcessor:84 - Initialize AndroidAnnotations 3.2 with options {phase=BUILD}
12:41:45.146 [Worker-95] INFO  o.a.AndroidAnnotationProcessor:108 - Start processing for 4 annotations on 10 elements
12:41:45.160 [Worker-95] DEBUG o.a.h.AndroidManifestFinder:137 - AndroidManifest.xml file found in parent folder G:\workspace\XiyouLib\XiyouLibrary: G:\workspace\XiyouLib\XiyouLibrary\AndroidManifest.xml
12:41:45.162 [Worker-95] INFO  o.a.AndroidAnnotationProcessor:171 - AndroidManifest.xml found: AndroidManifest [applicationPackage=com.tz.xiyoulibrary, componentQualifiedNames=[com.tz.xiyoulibrary.activity.main.MainActivity_, com.tz.xiyoulibrary.activity.login.view.LoginActivity_], permissionQualifiedNames=[android.permission.INTERNET], applicationClassName=com.tz.xiyoulibrary.application.Application, libraryProject=false, debugabble=false, minSdkVersion=14, maxSdkVersion=-1, targetSdkVersion=19]
12:41:45.163 [Worker-95] INFO  o.a.r.ProjectRClassFinder:50 - Found project R class: com.tz.xiyoulibrary.R
12:41:45.165 [Worker-95] INFO  o.a.r.AndroidRClassFinder:44 - Found Android class: android.R
12:41:45.169 [Worker-95] INFO  o.a.p.ModelValidator:42 - Validating elements
12:41:45.169 [Worker-95] DEBUG o.a.p.ModelValidator:62 - Validating with EActivityHandler: [com.tz.xiyoulibrary.activity.main.MainActivity, com.tz.xiyoulibrary.activity.login.view.LoginActivity]
12:41:45.170 [Worker-95] DEBUG o.a.p.ModelValidator:62 - Validating with ViewByIdHandler: [mEditTextUserName, mCheckBoxSavePassword, mRelativeLayoutBack, mButtonLogin, mEditTextPassWord]
12:41:45.172 [Worker-95] DEBUG o.a.p.ModelValidator:62 - Validating with ClickHandler: [public void login() , public void back() ]
12:41:45.173 [Worker-95] DEBUG o.a.p.ModelValidator:62 - Validating with AfterViewsHandler: [public void init() ]
12:41:45.174 [Worker-95] INFO  o.a.p.ModelProcessor:69 - Processing root elements
12:41:45.175 [Worker-95] DEBUG o.a.p.ModelProcessor:160 - Processing root elements EActivityHandler: [com.tz.xiyoulibrary.activity.main.MainActivity, com.tz.xiyoulibrary.activity.login.view.LoginActivity]
12:41:45.176 [Worker-95] INFO  o.a.p.ModelProcessor:77 - Processing enclosed elements
12:41:45.177 [Worker-95] DEBUG o.a.p.ModelProcessor:89 - Processing enclosed elements with ViewByIdHandler: [org.androidannotations.model.AnnotationElements$AnnotatedAndRootElements@45c5327f, org.androidannotations.model.AnnotationElements$AnnotatedAndRootElements@f9625ac, org.androidannotations.model.AnnotationElements$AnnotatedAndRootElements@5b47c8a2, org.androidannotations.model.AnnotationElements$AnnotatedAndRootElements@77fac0dd, org.androidannotations.model.AnnotationElements$AnnotatedAndRootElements@6f8c2ab4]
12:41:45.178 [Worker-95] DEBUG o.a.p.ModelProcessor:89 - Processing enclosed elements with ClickHandler: [org.androidannotations.model.AnnotationElements$AnnotatedAndRootElements@25933cbf, org.androidannotations.model.AnnotationElements$AnnotatedAndRootElements@12ba1bb3]
12:41:45.179 [Worker-95] DEBUG o.a.p.ModelProcessor:89 - Processing enclosed elements with AfterViewsHandler: [org.androidannotations.model.AnnotationElements$AnnotatedAndRootElements@78708e5f]
12:41:45.179 [Worker-95] INFO  o.a.AndroidAnnotationProcessor:250 - Number of files generated by AndroidAnnotations: 2
12:41:45.180 [Worker-95] INFO  o.a.g.ApiCodeGenerator:52 - Writting following API classes in project: []
12:41:45.180 [Worker-95] DEBUG o.a.g.SourceCodewriter:55 - Generating class: com.tz.xiyoulibrary.activity.login.view.LoginActivity_
12:41:45.191 [Worker-95] DEBUG o.a.g.SourceCodewriter:55 - Generating class: com.tz.xiyoulibrary.activity.main.MainActivity_
12:41:45.193 [Worker-95] INFO  o.a.p.TimeStats:81 - Time measurements: [Whole Processing = 47 ms], [Generate Sources = 14 ms], [Extract Annotations = 13 ms], [Find R Classes = 5 ms], [Validate Annotations = 5 ms], [Process Annotations = 5 ms], [Extract Manifest = 2 ms], 
12:41:45.194 [Worker-95] INFO  o.a.AndroidAnnotationProcessor:122 - Finish processing
12:43:04.355 [Worker-95] INFO  o.a.AndroidAnnotationProcessor:84 - Initialize AndroidAnnotations 3.2 with options {phase=BUILD}
12:43:04.413 [Worker-95] INFO  o.a.AndroidAnnotationProcessor:108 - Start processing for 4 annotations on 10 elements
12:43:04.428 [Worker-95] DEBUG o.a.h.AndroidManifestFinder:137 - AndroidManifest.xml file found in parent folder G:\workspace\XiyouLib\XiyouLibrary: G:\workspace\XiyouLib\XiyouLibrary\AndroidManifest.xml
12:43:04.430 [Worker-95] INFO  o.a.AndroidAnnotationProcessor:171 - AndroidManifest.xml found: AndroidManifest [applicationPackage=com.tz.xiyoulibrary, componentQualifiedNames=[com.tz.xiyoulibrary.activity.main.MainActivity_, com.tz.xiyoulibrary.activity.login.view.LoginActivity_], permissionQualifiedNames=[android.permission.INTERNET], applicationClassName=com.tz.xiyoulibrary.application.Application, libraryProject=false, debugabble=false, minSdkVersion=14, maxSdkVersion=-1, targetSdkVersion=19]
12:43:04.431 [Worker-95] INFO  o.a.r.ProjectRClassFinder:50 - Found project R class: com.tz.xiyoulibrary.R
12:43:04.432 [Worker-95] INFO  o.a.r.AndroidRClassFinder:44 - Found Android class: android.R
12:43:04.436 [Worker-95] INFO  o.a.p.ModelValidator:42 - Validating elements
12:43:04.437 [Worker-95] DEBUG o.a.p.ModelValidator:62 - Validating with EActivityHandler: [com.tz.xiyoulibrary.activity.main.MainActivity, com.tz.xiyoulibrary.activity.login.view.LoginActivity]
12:43:04.438 [Worker-95] DEBUG o.a.p.ModelValidator:62 - Validating with ViewByIdHandler: [mEditTextUserName, mEditTextPassWord, mRelativeLayoutBack, mCheckBoxSavePassword, mButtonLogin]
12:43:04.440 [Worker-95] DEBUG o.a.p.ModelValidator:62 - Validating with ClickHandler: [public void back() , public void login() ]
12:43:04.441 [Worker-95] DEBUG o.a.p.ModelValidator:62 - Validating with AfterViewsHandler: [public void init() ]
12:43:04.442 [Worker-95] INFO  o.a.p.ModelProcessor:69 - Processing root elements
12:43:04.442 [Worker-95] DEBUG o.a.p.ModelProcessor:160 - Processing root elements EActivityHandler: [com.tz.xiyoulibrary.activity.main.MainActivity, com.tz.xiyoulibrary.activity.login.view.LoginActivity]
12:43:04.444 [Worker-95] INFO  o.a.p.ModelProcessor:77 - Processing enclosed elements
12:43:04.445 [Worker-95] DEBUG o.a.p.ModelProcessor:89 - Processing enclosed elements with ViewByIdHandler: [org.androidannotations.model.AnnotationElements$AnnotatedAndRootElements@44d19cd, org.androidannotations.model.AnnotationElements$AnnotatedAndRootElements@bf3d2c4, org.androidannotations.model.AnnotationElements$AnnotatedAndRootElements@477b9a28, org.androidannotations.model.AnnotationElements$AnnotatedAndRootElements@61d8e3ef, org.androidannotations.model.AnnotationElements$AnnotatedAndRootElements@665c9218]
12:43:04.446 [Worker-95] DEBUG o.a.p.ModelProcessor:89 - Processing enclosed elements with ClickHandler: [org.androidannotations.model.AnnotationElements$AnnotatedAndRootElements@44a197dd, org.androidannotations.model.AnnotationElements$AnnotatedAndRootElements@2fa1ad56]
12:43:04.447 [Worker-95] DEBUG o.a.p.ModelProcessor:89 - Processing enclosed elements with AfterViewsHandler: [org.androidannotations.model.AnnotationElements$AnnotatedAndRootElements@1f7b0188]
12:43:04.447 [Worker-95] INFO  o.a.AndroidAnnotationProcessor:250 - Number of files generated by AndroidAnnotations: 2
12:43:04.448 [Worker-95] INFO  o.a.g.ApiCodeGenerator:52 - Writting following API classes in project: []
12:43:04.448 [Worker-95] DEBUG o.a.g.SourceCodewriter:55 - Generating class: com.tz.xiyoulibrary.activity.login.view.LoginActivity_
12:43:04.473 [Worker-95] DEBUG o.a.g.SourceCodewriter:55 - Generating class: com.tz.xiyoulibrary.activity.main.MainActivity_
12:43:04.476 [Worker-95] INFO  o.a.p.TimeStats:81 - Time measurements: [Whole Processing = 63 ms], [Generate Sources = 29 ms], [Extract Annotations = 14 ms], [Validate Annotations = 6 ms], [Find R Classes = 5 ms], [Process Annotations = 5 ms], [Extract Manifest = 2 ms], 
12:43:04.477 [Worker-95] INFO  o.a.AndroidAnnotationProcessor:122 - Finish processing
12:43:16.22 [Worker-93] INFO  o.a.AndroidAnnotationProcessor:84 - Initialize AndroidAnnotations 3.2 with options {phase=BUILD}
12:43:16.80 [Worker-93] INFO  o.a.AndroidAnnotationProcessor:108 - Start processing for 4 annotations on 10 elements
12:43:16.94 [Worker-93] DEBUG o.a.h.AndroidManifestFinder:137 - AndroidManifest.xml file found in parent folder G:\workspace\XiyouLib\XiyouLibrary: G:\workspace\XiyouLib\XiyouLibrary\AndroidManifest.xml
12:43:16.97 [Worker-93] INFO  o.a.AndroidAnnotationProcessor:171 - AndroidManifest.xml found: AndroidManifest [applicationPackage=com.tz.xiyoulibrary, componentQualifiedNames=[com.tz.xiyoulibrary.activity.main.MainActivity_, com.tz.xiyoulibrary.activity.login.view.LoginActivity_], permissionQualifiedNames=[android.permission.INTERNET], applicationClassName=com.tz.xiyoulibrary.application.Application, libraryProject=false, debugabble=false, minSdkVersion=14, maxSdkVersion=-1, targetSdkVersion=19]
12:43:16.98 [Worker-93] INFO  o.a.r.ProjectRClassFinder:50 - Found project R class: com.tz.xiyoulibrary.R
12:43:16.100 [Worker-93] INFO  o.a.r.AndroidRClassFinder:44 - Found Android class: android.R
12:43:16.104 [Worker-93] INFO  o.a.p.ModelValidator:42 - Validating elements
12:43:16.105 [Worker-93] DEBUG o.a.p.ModelValidator:62 - Validating with EActivityHandler: [com.tz.xiyoulibrary.activity.main.MainActivity, com.tz.xiyoulibrary.activity.login.view.LoginActivity]
12:43:16.106 [Worker-93] DEBUG o.a.p.ModelValidator:62 - Validating with ViewByIdHandler: [mButtonLogin, mEditTextPassWord, mRelativeLayoutBack, mCheckBoxSavePassword, mEditTextUserName]
12:43:16.108 [Worker-93] DEBUG o.a.p.ModelValidator:62 - Validating with ClickHandler: [public void back() , public void login() ]
12:43:16.109 [Worker-93] DEBUG o.a.p.ModelValidator:62 - Validating with AfterViewsHandler: [public void init() ]
12:43:16.109 [Worker-93] INFO  o.a.p.ModelProcessor:69 - Processing root elements
12:43:16.110 [Worker-93] DEBUG o.a.p.ModelProcessor:160 - Processing root elements EActivityHandler: [com.tz.xiyoulibrary.activity.main.MainActivity, com.tz.xiyoulibrary.activity.login.view.LoginActivity]
12:43:16.112 [Worker-93] INFO  o.a.p.ModelProcessor:77 - Processing enclosed elements
12:43:16.112 [Worker-93] DEBUG o.a.p.ModelProcessor:89 - Processing enclosed elements with ViewByIdHandler: [org.androidannotations.model.AnnotationElements$AnnotatedAndRootElements@17eed0da, org.androidannotations.model.AnnotationElements$AnnotatedAndRootElements@4691f318, org.androidannotations.model.AnnotationElements$AnnotatedAndRootElements@28374cc8, org.androidannotations.model.AnnotationElements$AnnotatedAndRootElements@3fd1a47c, org.androidannotations.model.AnnotationElements$AnnotatedAndRootElements@38148c60]
12:43:16.113 [Worker-93] DEBUG o.a.p.ModelProcessor:89 - Processing enclosed elements with ClickHandler: [org.androidannotations.model.AnnotationElements$AnnotatedAndRootElements@285ddde6, org.androidannotations.model.AnnotationElements$AnnotatedAndRootElements@2b072a5]
12:43:16.115 [Worker-93] DEBUG o.a.p.ModelProcessor:89 - Processing enclosed elements with AfterViewsHandler: [org.androidannotations.model.AnnotationElements$AnnotatedAndRootElements@e36b004]
12:43:16.115 [Worker-93] INFO  o.a.AndroidAnnotationProcessor:250 - Number of files generated by AndroidAnnotations: 2
12:43:16.116 [Worker-93] INFO  o.a.g.ApiCodeGenerator:52 - Writting following API classes in project: []
12:43:16.116 [Worker-93] DEBUG o.a.g.SourceCodewriter:55 - Generating class: com.tz.xiyoulibrary.activity.login.view.LoginActivity_
12:43:16.127 [Worker-93] DEBUG o.a.g.SourceCodewriter:55 - Generating class: com.tz.xiyoulibrary.activity.main.MainActivity_
12:43:16.130 [Worker-93] INFO  o.a.p.TimeStats:81 - Time measurements: [Whole Processing = 50 ms], [Generate Sources = 15 ms], [Extract Annotations = 14 ms], [Find R Classes = 6 ms], [Process Annotations = 6 ms], [Validate Annotations = 5 ms], [Extract Manifest = 3 ms], 
12:43:16.131 [Worker-93] INFO  o.a.AndroidAnnotationProcessor:122 - Finish processing
12:47:55.86 [Worker-97] INFO  o.a.AndroidAnnotationProcessor:84 - Initialize AndroidAnnotations 3.2 with options {phase=BUILD}
12:47:55.182 [Worker-97] INFO  o.a.AndroidAnnotationProcessor:108 - Start processing for 4 annotations on 10 elements
12:47:55.196 [Worker-97] DEBUG o.a.h.AndroidManifestFinder:137 - AndroidManifest.xml file found in parent folder G:\workspace\XiyouLib\XiyouLibrary: G:\workspace\XiyouLib\XiyouLibrary\AndroidManifest.xml
12:47:55.198 [Worker-97] INFO  o.a.AndroidAnnotationProcessor:171 - AndroidManifest.xml found: AndroidManifest [applicationPackage=com.tz.xiyoulibrary, componentQualifiedNames=[com.tz.xiyoulibrary.activity.main.MainActivity_, com.tz.xiyoulibrary.activity.login.view.LoginActivity_], permissionQualifiedNames=[android.permission.INTERNET], applicationClassName=com.tz.xiyoulibrary.application.Application, libraryProject=false, debugabble=false, minSdkVersion=14, maxSdkVersion=-1, targetSdkVersion=19]
12:47:55.198 [Worker-97] INFO  o.a.r.ProjectRClassFinder:50 - Found project R class: com.tz.xiyoulibrary.R
12:47:55.200 [Worker-97] INFO  o.a.r.AndroidRClassFinder:44 - Found Android class: android.R
12:47:55.204 [Worker-97] INFO  o.a.p.ModelValidator:42 - Validating elements
12:47:55.204 [Worker-97] DEBUG o.a.p.ModelValidator:62 - Validating with EActivityHandler: [com.tz.xiyoulibrary.activity.main.MainActivity, com.tz.xiyoulibrary.activity.login.view.LoginActivity]
12:47:55.205 [Worker-97] DEBUG o.a.p.ModelValidator:62 - Validating with ViewByIdHandler: [mEditTextUserName, mRelativeLayoutBack, mCheckBoxSavePassword, mEditTextPassWord, mButtonLogin]
12:47:55.206 [Worker-97] DEBUG o.a.p.ModelValidator:62 - Validating with ClickHandler: [public void login() , public void back() ]
12:47:55.207 [Worker-97] DEBUG o.a.p.ModelValidator:62 - Validating with AfterViewsHandler: [public void init() ]
12:47:55.208 [Worker-97] INFO  o.a.p.ModelProcessor:69 - Processing root elements
12:47:55.209 [Worker-97] DEBUG o.a.p.ModelProcessor:160 - Processing root elements EActivityHandler: [com.tz.xiyoulibrary.activity.main.MainActivity, com.tz.xiyoulibrary.activity.login.view.LoginActivity]
12:47:55.210 [Worker-97] INFO  o.a.p.ModelProcessor:77 - Processing enclosed elements
12:47:55.211 [Worker-97] DEBUG o.a.p.ModelProcessor:89 - Processing enclosed elements with ViewByIdHandler: [org.androidannotations.model.AnnotationElements$AnnotatedAndRootElements@650e04d2, org.androidannotations.model.AnnotationElements$AnnotatedAndRootElements@7b5eaad2, org.androidannotations.model.AnnotationElements$AnnotatedAndRootElements@6759ec10, org.androidannotations.model.AnnotationElements$AnnotatedAndRootElements@70eb1d54, org.androidannotations.model.AnnotationElements$AnnotatedAndRootElements@5bd2afb6]
12:47:55.212 [Worker-97] DEBUG o.a.p.ModelProcessor:89 - Processing enclosed elements with ClickHandler: [org.androidannotations.model.AnnotationElements$AnnotatedAndRootElements@17845943, org.androidannotations.model.AnnotationElements$AnnotatedAndRootElements@4a7756a0]
12:47:55.213 [Worker-97] DEBUG o.a.p.ModelProcessor:89 - Processing enclosed elements with AfterViewsHandler: [org.androidannotations.model.AnnotationElements$AnnotatedAndRootElements@60d84891]
12:47:55.213 [Worker-97] INFO  o.a.AndroidAnnotationProcessor:250 - Number of files generated by AndroidAnnotations: 2
12:47:55.214 [Worker-97] INFO  o.a.g.ApiCodeGenerator:52 - Writting following API classes in project: []
12:47:55.214 [Worker-97] DEBUG o.a.g.SourceCodewriter:55 - Generating class: com.tz.xiyoulibrary.activity.login.view.LoginActivity_
12:47:55.248 [Worker-97] DEBUG o.a.g.SourceCodewriter:55 - Generating class: com.tz.xiyoulibrary.activity.main.MainActivity_
12:47:55.250 [Worker-97] INFO  o.a.p.TimeStats:81 - Time measurements: [Whole Processing = 68 ms], [Generate Sources = 37 ms], [Extract Annotations = 13 ms], [Find R Classes = 5 ms], [Process Annotations = 5 ms], [Validate Annotations = 4 ms], [Extract Manifest = 2 ms], 
12:47:55.251 [Worker-97] INFO  o.a.AndroidAnnotationProcessor:122 - Finish processing
12:49:39.772 [Worker-104] INFO  o.a.AndroidAnnotationProcessor:84 - Initialize AndroidAnnotations 3.2 with options {phase=BUILD}
12:49:39.774 [Worker-104] INFO  o.a.AndroidAnnotationProcessor:108 - Start processing for 1 annotations on 1 elements
12:49:39.785 [Worker-104] DEBUG o.a.h.AndroidManifestFinder:137 - AndroidManifest.xml file found in parent folder G:\workspace\XiyouLib\XiyouLibrary: G:\workspace\XiyouLib\XiyouLibrary\AndroidManifest.xml
12:49:39.787 [Worker-104] INFO  o.a.AndroidAnnotationProcessor:171 - AndroidManifest.xml found: AndroidManifest [applicationPackage=com.tz.xiyoulibrary, componentQualifiedNames=[com.tz.xiyoulibrary.activity.main.MainActivity_, com.tz.xiyoulibrary.activity.login.view.LoginActivity_], permissionQualifiedNames=[android.permission.INTERNET], applicationClassName=com.tz.xiyoulibrary.application.Application, libraryProject=false, debugabble=false, minSdkVersion=14, maxSdkVersion=-1, targetSdkVersion=19]
12:49:39.788 [Worker-104] INFO  o.a.r.ProjectRClassFinder:50 - Found project R class: com.tz.xiyoulibrary.R
12:49:39.791 [Worker-104] INFO  o.a.r.AndroidRClassFinder:44 - Found Android class: android.R
12:49:39.795 [Worker-104] INFO  o.a.p.ModelValidator:42 - Validating elements
12:49:39.796 [Worker-104] DEBUG o.a.p.ModelValidator:62 - Validating with EActivityHandler: [com.tz.xiyoulibrary.activity.main.MainActivity]
12:49:39.797 [Worker-104] INFO  o.a.p.ModelProcessor:69 - Processing root elements
12:49:39.798 [Worker-104] DEBUG o.a.p.ModelProcessor:160 - Processing root elements EActivityHandler: [com.tz.xiyoulibrary.activity.main.MainActivity]
12:49:39.799 [Worker-104] INFO  o.a.p.ModelProcessor:77 - Processing enclosed elements
12:49:39.800 [Worker-104] INFO  o.a.AndroidAnnotationProcessor:250 - Number of files generated by AndroidAnnotations: 1
12:49:39.801 [Worker-104] INFO  o.a.g.ApiCodeGenerator:52 - Writting following API classes in project: []
12:49:39.801 [Worker-104] DEBUG o.a.g.SourceCodewriter:55 - Generating class: com.tz.xiyoulibrary.activity.main.MainActivity_
12:49:39.803 [Worker-104] INFO  o.a.p.TimeStats:81 - Time measurements: [Whole Processing = 30 ms], [Extract Annotations = 11 ms], [Find R Classes = 7 ms], [Process Annotations = 3 ms], [Generate Sources = 3 ms], [Extract Manifest = 2 ms], [Validate Annotations = 2 ms], 
12:49:39.804 [Worker-104] INFO  o.a.AndroidAnnotationProcessor:122 - Finish processing
13:34:32.538 [Worker-0] INFO  o.a.AndroidAnnotationProcessor:84 - Initialize AndroidAnnotations 3.2 with options {phase=BUILD}
13:34:32.658 [Worker-0] INFO  o.a.AndroidAnnotationProcessor:108 - Start processing for 4 annotations on 32 elements
13:34:32.730 [Worker-0] DEBUG o.a.h.AndroidManifestFinder:137 - AndroidManifest.xml file found in parent folder G:\workspace\XiyouLib\XiyouLibrary: G:\workspace\XiyouLib\XiyouLibrary\AndroidManifest.xml
13:34:32.735 [Worker-0] INFO  o.a.AndroidAnnotationProcessor:171 - AndroidManifest.xml found: AndroidManifest [applicationPackage=com.tz.xiyoulibrary, componentQualifiedNames=[com.tz.xiyoulibrary.activity.main.MainActivity_, com.tz.xiyoulibrary.activity.login.view.LoginActivity_], permissionQualifiedNames=[android.permission.INTERNET], applicationClassName=com.tz.xiyoulibrary.application.Application, libraryProject=false, debugabble=false, minSdkVersion=14, maxSdkVersion=-1, targetSdkVersion=19]
13:34:32.736 [Worker-0] INFO  o.a.r.ProjectRClassFinder:50 - Found project R class: com.tz.xiyoulibrary.R
13:34:32.753 [Worker-0] INFO  o.a.r.AndroidRClassFinder:44 - Found Android class: android.R
13:34:32.789 [Worker-0] INFO  o.a.p.ModelValidator:42 - Validating elements
13:34:32.790 [Worker-0] DEBUG o.a.p.ModelValidator:62 - Validating with EActivityHandler: [com.tz.xiyoulibrary.activity.main.MainActivity, com.tz.xiyoulibrary.activity.login.view.LoginActivity]
13:34:32.794 [Worker-0] DEBUG o.a.p.ModelValidator:62 - Validating with ViewByIdHandler: [mEditTextPassWord, mEditTextUserName, mCheckBoxSavePassword, mRelativeLayoutBack, mButtonLogin]
13:34:32.804 [Worker-0] DEBUG o.a.p.ModelValidator:62 - Validating with ClickHandler: [public void login() , public void back() ]
13:34:32.809 [Worker-0] DEBUG o.a.p.ModelValidator:62 - Validating with AfterViewsHandler: [public void init() ]
13:34:32.823 [Worker-0] INFO  o.a.p.ModelProcessor:69 - Processing root elements
13:34:32.825 [Worker-0] DEBUG o.a.p.ModelProcessor:160 - Processing root elements EActivityHandler: [com.tz.xiyoulibrary.activity.main.MainActivity, com.tz.xiyoulibrary.activity.login.view.LoginActivity]
13:34:32.870 [Worker-0] INFO  o.a.p.ModelProcessor:77 - Processing enclosed elements
13:34:32.875 [Worker-0] INFO  o.a.AndroidAnnotationProcessor:250 - Number of files generated by AndroidAnnotations: 2
13:34:32.878 [Worker-0] INFO  o.a.g.ApiCodeGenerator:52 - Writting following API classes in project: []
13:34:32.881 [Worker-0] DEBUG o.a.g.SourceCodewriter:55 - Generating class: com.tz.xiyoulibrary.activity.login.view.LoginActivity_
13:34:32.920 [Worker-0] DEBUG o.a.g.SourceCodewriter:55 - Generating class: com.tz.xiyoulibrary.activity.main.MainActivity_
13:34:32.934 [Worker-0] INFO  o.a.p.TimeStats:81 - Time measurements: [Whole Processing = 276 ms], [Extract Annotations = 68 ms], [Process Annotations = 64 ms], [Generate Sources = 59 ms], [Find R Classes = 44 ms], [Validate Annotations = 22 ms], [Extract Manifest = 7 ms], 
13:34:32.935 [Worker-0] INFO  o.a.AndroidAnnotationProcessor:122 - Finish processing
13:34:43.36 [Worker-8] INFO  o.a.AndroidAnnotationProcessor:84 - Initialize AndroidAnnotations 3.2 with options {phase=BUILD}
13:34:43.37 [Worker-8] INFO  o.a.AndroidAnnotationProcessor:108 - Start processing for 4 annotations on 32 elements
13:34:43.69 [Worker-8] DEBUG o.a.h.AndroidManifestFinder:137 - AndroidManifest.xml file found in parent folder G:\workspace\XiyouLib\XiyouLibrary: G:\workspace\XiyouLib\XiyouLibrary\AndroidManifest.xml
13:34:43.72 [Worker-8] INFO  o.a.AndroidAnnotationProcessor:171 - AndroidManifest.xml found: AndroidManifest [applicationPackage=com.tz.xiyoulibrary, componentQualifiedNames=[com.tz.xiyoulibrary.activity.main.MainActivity_, com.tz.xiyoulibrary.activity.login.view.LoginActivity_], permissionQualifiedNames=[android.permission.INTERNET], applicationClassName=com.tz.xiyoulibrary.application.Application, libraryProject=false, debugabble=false, minSdkVersion=14, maxSdkVersion=-1, targetSdkVersion=19]
13:34:43.73 [Worker-8] INFO  o.a.r.ProjectRClassFinder:50 - Found project R class: com.tz.xiyoulibrary.R
13:34:43.81 [Worker-8] INFO  o.a.r.AndroidRClassFinder:44 - Found Android class: android.R
13:34:43.93 [Worker-8] INFO  o.a.p.ModelValidator:42 - Validating elements
13:34:43.93 [Worker-8] DEBUG o.a.p.ModelValidator:62 - Validating with EActivityHandler: [com.tz.xiyoulibrary.activity.main.MainActivity, com.tz.xiyoulibrary.activity.login.view.LoginActivity]
13:34:43.94 [Worker-8] DEBUG o.a.p.ModelValidator:62 - Validating with ViewByIdHandler: [mEditTextPassWord, mRelativeLayoutBack, mEditTextUserName, mButtonLogin, mCheckBoxSavePassword]
13:34:43.97 [Worker-8] DEBUG o.a.p.ModelValidator:62 - Validating with ClickHandler: [public void login() , public void back() ]
13:34:43.98 [Worker-8] DEBUG o.a.p.ModelValidator:62 - Validating with AfterViewsHandler: [public void init() ]
13:34:43.99 [Worker-8] INFO  o.a.p.ModelProcessor:69 - Processing root elements
13:34:43.100 [Worker-8] DEBUG o.a.p.ModelProcessor:160 - Processing root elements EActivityHandler: [com.tz.xiyoulibrary.activity.main.MainActivity, com.tz.xiyoulibrary.activity.login.view.LoginActivity]
13:34:43.104 [Worker-8] INFO  o.a.p.ModelProcessor:77 - Processing enclosed elements
13:34:43.107 [Worker-8] INFO  o.a.AndroidAnnotationProcessor:250 - Number of files generated by AndroidAnnotations: 2
13:34:43.107 [Worker-8] INFO  o.a.g.ApiCodeGenerator:52 - Writting following API classes in project: []
13:34:43.108 [Worker-8] DEBUG o.a.g.SourceCodewriter:55 - Generating class: com.tz.xiyoulibrary.activity.login.view.LoginActivity_
13:34:43.125 [Worker-8] DEBUG o.a.g.SourceCodewriter:55 - Generating class: com.tz.xiyoulibrary.activity.main.MainActivity_
13:34:43.133 [Worker-8] INFO  o.a.p.TimeStats:81 - Time measurements: [Whole Processing = 96 ms], [Extract Annotations = 31 ms], [Generate Sources = 26 ms], [Find R Classes = 19 ms], [Process Annotations = 8 ms], [Validate Annotations = 6 ms], [Extract Manifest = 3 ms], 
13:34:43.134 [Worker-8] INFO  o.a.AndroidAnnotationProcessor:122 - Finish processing
13:34:46.34 [Worker-5] INFO  o.a.AndroidAnnotationProcessor:84 - Initialize AndroidAnnotations 3.2 with options {phase=BUILD}
13:34:46.37 [Worker-5] INFO  o.a.AndroidAnnotationProcessor:108 - Start processing for 4 annotations on 32 elements
13:34:46.72 [Worker-5] DEBUG o.a.h.AndroidManifestFinder:137 - AndroidManifest.xml file found in parent folder G:\workspace\XiyouLib\XiyouLibrary: G:\workspace\XiyouLib\XiyouLibrary\AndroidManifest.xml
13:34:46.75 [Worker-5] INFO  o.a.AndroidAnnotationProcessor:171 - AndroidManifest.xml found: AndroidManifest [applicationPackage=com.tz.xiyoulibrary, componentQualifiedNames=[com.tz.xiyoulibrary.activity.main.MainActivity_, com.tz.xiyoulibrary.activity.login.view.LoginActivity_], permissionQualifiedNames=[android.permission.INTERNET], applicationClassName=com.tz.xiyoulibrary.application.Application, libraryProject=false, debugabble=false, minSdkVersion=14, maxSdkVersion=-1, targetSdkVersion=19]
13:34:46.76 [Worker-5] INFO  o.a.r.ProjectRClassFinder:50 - Found project R class: com.tz.xiyoulibrary.R
13:34:46.84 [Worker-5] INFO  o.a.r.AndroidRClassFinder:44 - Found Android class: android.R
13:34:46.93 [Worker-5] INFO  o.a.p.ModelValidator:42 - Validating elements
13:34:46.94 [Worker-5] DEBUG o.a.p.ModelValidator:62 - Validating with EActivityHandler: [com.tz.xiyoulibrary.activity.main.MainActivity, com.tz.xiyoulibrary.activity.login.view.LoginActivity]
13:34:46.95 [Worker-5] DEBUG o.a.p.ModelValidator:62 - Validating with ViewByIdHandler: [mButtonLogin, mCheckBoxSavePassword, mEditTextUserName, mRelativeLayoutBack, mEditTextPassWord]
13:34:46.98 [Worker-5] DEBUG o.a.p.ModelValidator:62 - Validating with ClickHandler: [public void back() , public void login() ]
13:34:46.100 [Worker-5] DEBUG o.a.p.ModelValidator:62 - Validating with AfterViewsHandler: [public void init() ]
13:34:46.101 [Worker-5] INFO  o.a.p.ModelProcessor:69 - Processing root elements
13:34:46.102 [Worker-5] DEBUG o.a.p.ModelProcessor:160 - Processing root elements EActivityHandler: [com.tz.xiyoulibrary.activity.main.MainActivity, com.tz.xiyoulibrary.activity.login.view.LoginActivity]
13:34:46.106 [Worker-5] INFO  o.a.p.ModelProcessor:77 - Processing enclosed elements
13:34:46.108 [Worker-5] INFO  o.a.AndroidAnnotationProcessor:250 - Number of files generated by AndroidAnnotations: 2
13:34:46.109 [Worker-5] INFO  o.a.g.ApiCodeGenerator:52 - Writting following API classes in project: []
13:34:46.110 [Worker-5] DEBUG o.a.g.SourceCodewriter:55 - Generating class: com.tz.xiyoulibrary.activity.login.view.LoginActivity_
13:34:46.118 [Worker-5] DEBUG o.a.g.SourceCodewriter:55 - Generating class: com.tz.xiyoulibrary.activity.main.MainActivity_
13:34:46.122 [Worker-5] INFO  o.a.p.TimeStats:81 - Time measurements: [Whole Processing = 85 ms], [Extract Annotations = 34 ms], [Find R Classes = 17 ms], [Generate Sources = 14 ms], [Validate Annotations = 8 ms], [Process Annotations = 7 ms], [Extract Manifest = 3 ms], 
13:34:46.123 [Worker-5] INFO  o.a.AndroidAnnotationProcessor:122 - Finish processing
13:35:27.981 [Worker-10] INFO  o.a.AndroidAnnotationProcessor:84 - Initialize AndroidAnnotations 3.2 with options {phase=BUILD}
13:35:27.984 [Worker-10] INFO  o.a.AndroidAnnotationProcessor:108 - Start processing for 4 annotations on 5 elements
13:35:28.6 [Worker-10] DEBUG o.a.h.AndroidManifestFinder:137 - AndroidManifest.xml file found in parent folder G:\workspace\XiyouLib\XiyouLibrary: G:\workspace\XiyouLib\XiyouLibrary\AndroidManifest.xml
13:35:28.10 [Worker-10] INFO  o.a.AndroidAnnotationProcessor:171 - AndroidManifest.xml found: AndroidManifest [applicationPackage=com.tz.xiyoulibrary, componentQualifiedNames=[com.tz.xiyoulibrary.activity.main.MainActivity_, com.tz.xiyoulibrary.activity.login.view.LoginActivity_], permissionQualifiedNames=[android.permission.INTERNET], applicationClassName=com.tz.xiyoulibrary.application.Application, libraryProject=false, debugabble=false, minSdkVersion=14, maxSdkVersion=-1, targetSdkVersion=19]
13:35:28.12 [Worker-10] INFO  o.a.r.ProjectRClassFinder:50 - Found project R class: com.tz.xiyoulibrary.R
13:35:28.22 [Worker-10] INFO  o.a.r.AndroidRClassFinder:44 - Found Android class: android.R
13:35:28.35 [Worker-10] INFO  o.a.p.ModelValidator:42 - Validating elements
13:35:28.38 [Worker-10] DEBUG o.a.p.ModelValidator:62 - Validating with EActivityHandler: [com.tz.xiyoulibrary.activity.login.view.LoginActivity]
13:35:28.39 [Worker-10] DEBUG o.a.p.ModelValidator:62 - Validating with ViewByIdHandler: [mEditTextUserName, mCheckBoxSavePassword, mRelativeLayoutBack, mButtonLogin, mEditTextPassWord]
13:35:28.43 [Worker-10] DEBUG o.a.p.ModelValidator:62 - Validating with ClickHandler: [public void login() , public void back() ]
13:35:28.44 [Worker-10] DEBUG o.a.p.ModelValidator:62 - Validating with AfterViewsHandler: [public void init() ]
13:35:28.46 [Worker-10] INFO  o.a.p.ModelProcessor:69 - Processing root elements
13:35:28.46 [Worker-10] DEBUG o.a.p.ModelProcessor:160 - Processing root elements EActivityHandler: [com.tz.xiyoulibrary.activity.login.view.LoginActivity]
13:35:28.51 [Worker-10] INFO  o.a.p.ModelProcessor:77 - Processing enclosed elements
13:35:28.53 [Worker-10] INFO  o.a.AndroidAnnotationProcessor:250 - Number of files generated by AndroidAnnotations: 1
13:35:28.54 [Worker-10] INFO  o.a.g.ApiCodeGenerator:52 - Writting following API classes in project: []
13:35:28.55 [Worker-10] DEBUG o.a.g.SourceCodewriter:55 - Generating class: com.tz.xiyoulibrary.activity.login.view.LoginActivity_
13:35:28.75 [Worker-10] INFO  o.a.p.TimeStats:81 - Time measurements: [Whole Processing = 91 ms], [Find R Classes = 23 ms], [Generate Sources = 22 ms], [Extract Annotations = 21 ms], [Validate Annotations = 10 ms], [Process Annotations = 8 ms], [Extract Manifest = 4 ms], 
13:35:28.77 [Worker-10] INFO  o.a.AndroidAnnotationProcessor:122 - Finish processing
17:03:44.745 [Worker-34] INFO  o.a.AndroidAnnotationProcessor:84 - Initialize AndroidAnnotations 3.2 with options {phase=BUILD}
17:03:44.808 [Worker-34] INFO  o.a.AndroidAnnotationProcessor:108 - Start processing for 4 annotations on 32 elements
17:03:44.839 [Worker-34] DEBUG o.a.h.AndroidManifestFinder:137 - AndroidManifest.xml file found in parent folder E:\EclipseWorkspace\XiyouLib\XiyouLibrary: E:\EclipseWorkspace\XiyouLib\XiyouLibrary\AndroidManifest.xml
17:03:44.839 [Worker-34] INFO  o.a.AndroidAnnotationProcessor:171 - AndroidManifest.xml found: AndroidManifest [applicationPackage=com.tz.xiyoulibrary, componentQualifiedNames=[com.tz.xiyoulibrary.activity.main.MainActivity_, com.tz.xiyoulibrary.activity.login.view.LoginActivity_], permissionQualifiedNames=[android.permission.INTERNET], applicationClassName=com.tz.xiyoulibrary.application.Application, libraryProject=false, debugabble=false, minSdkVersion=14, maxSdkVersion=-1, targetSdkVersion=19]
17:03:44.839 [Worker-34] INFO  o.a.r.ProjectRClassFinder:50 - Found project R class: com.tz.xiyoulibrary.R
17:03:44.870 [Worker-34] INFO  o.a.r.AndroidRClassFinder:44 - Found Android class: android.R
17:03:44.870 [Worker-34] INFO  o.a.p.ModelValidator:42 - Validating elements
17:03:44.886 [Worker-34] DEBUG o.a.p.ModelValidator:62 - Validating with EActivityHandler: [com.tz.xiyoulibrary.activity.login.view.LoginActivity, com.tz.xiyoulibrary.activity.main.MainActivity]
17:03:44.886 [Worker-34] DEBUG o.a.p.ModelValidator:62 - Validating with ViewByIdHandler: [mRelativeLayoutBack, mButtonLogin, mEditTextUserName, mEditTextPassWord, mCheckBoxSavePassword]
17:03:44.886 [Worker-34] DEBUG o.a.p.ModelValidator:62 - Validating with ClickHandler: [public void back() , public void login() ]
17:03:44.902 [Worker-34] DEBUG o.a.p.ModelValidator:62 - Validating with AfterViewsHandler: [public void init() ]
17:03:44.902 [Worker-34] INFO  o.a.p.ModelProcessor:69 - Processing root elements
17:03:44.902 [Worker-34] DEBUG o.a.p.ModelProcessor:160 - Processing root elements EActivityHandler: [com.tz.xiyoulibrary.activity.login.view.LoginActivity, com.tz.xiyoulibrary.activity.main.MainActivity]
17:03:44.933 [Worker-34] INFO  o.a.p.ModelProcessor:77 - Processing enclosed elements
17:03:44.933 [Worker-34] INFO  o.a.AndroidAnnotationProcessor:250 - Number of files generated by AndroidAnnotations: 2
17:03:44.933 [Worker-34] INFO  o.a.g.ApiCodeGenerator:52 - Writting following API classes in project: []
17:03:44.933 [Worker-34] DEBUG o.a.g.SourceCodewriter:55 - Generating class: com.tz.xiyoulibrary.activity.login.view.LoginActivity_
17:03:44.948 [Worker-34] DEBUG o.a.g.SourceCodewriter:55 - Generating class: com.tz.xiyoulibrary.activity.main.MainActivity_
17:03:44.964 [Worker-34] INFO  o.a.p.TimeStats:81 - Time measurements: [Whole Processing = 156 ms], [Validate Annotations = 32 ms], [Extract Annotations = 31 ms], [Find R Classes = 31 ms], [Process Annotations = 31 ms], [Generate Sources = 31 ms], [Extract Manifest = 0 ms], 
17:03:44.964 [Worker-34] INFO  o.a.AndroidAnnotationProcessor:122 - Finish processing
17:04:05.460 [Worker-27] INFO  o.a.AndroidAnnotationProcessor:84 - Initialize AndroidAnnotations 3.2 with options {phase=BUILD}
17:04:05.475 [Worker-27] INFO  o.a.AndroidAnnotationProcessor:108 - Start processing for 4 annotations on 5 elements
17:04:05.475 [Worker-27] DEBUG o.a.h.AndroidManifestFinder:137 - AndroidManifest.xml file found in parent folder E:\EclipseWorkspace\XiyouLib\XiyouLibrary: E:\EclipseWorkspace\XiyouLib\XiyouLibrary\AndroidManifest.xml
17:04:05.491 [Worker-27] INFO  o.a.AndroidAnnotationProcessor:171 - AndroidManifest.xml found: AndroidManifest [applicationPackage=com.tz.xiyoulibrary, componentQualifiedNames=[com.tz.xiyoulibrary.activity.main.MainActivity_, com.tz.xiyoulibrary.activity.login.view.LoginActivity_], permissionQualifiedNames=[android.permission.INTERNET], applicationClassName=com.tz.xiyoulibrary.application.Application, libraryProject=false, debugabble=false, minSdkVersion=14, maxSdkVersion=-1, targetSdkVersion=19]
17:04:05.491 [Worker-27] INFO  o.a.r.ProjectRClassFinder:50 - Found project R class: com.tz.xiyoulibrary.R
17:04:05.507 [Worker-27] INFO  o.a.r.AndroidRClassFinder:44 - Found Android class: android.R
17:04:05.507 [Worker-27] INFO  o.a.p.ModelValidator:42 - Validating elements
17:04:05.507 [Worker-27] DEBUG o.a.p.ModelValidator:62 - Validating with EActivityHandler: [com.tz.xiyoulibrary.activity.login.view.LoginActivity]
17:04:05.507 [Worker-27] DEBUG o.a.p.ModelValidator:62 - Validating with ViewByIdHandler: [mCheckBoxSavePassword, mEditTextPassWord, mButtonLogin, mEditTextUserName, mRelativeLayoutBack]
17:04:05.522 [Worker-27] DEBUG o.a.p.ModelValidator:62 - Validating with ClickHandler: [public void login() , public void back() ]
17:04:05.522 [Worker-27] DEBUG o.a.p.ModelValidator:62 - Validating with AfterViewsHandler: [public void init() ]
17:04:05.522 [Worker-27] INFO  o.a.p.ModelProcessor:69 - Processing root elements
17:04:05.538 [Worker-27] DEBUG o.a.p.ModelProcessor:160 - Processing root elements EActivityHandler: [com.tz.xiyoulibrary.activity.login.view.LoginActivity]
17:04:05.538 [Worker-27] INFO  o.a.p.ModelProcessor:77 - Processing enclosed elements
17:04:05.538 [Worker-27] INFO  o.a.AndroidAnnotationProcessor:250 - Number of files generated by AndroidAnnotations: 1
17:04:05.538 [Worker-27] INFO  o.a.g.ApiCodeGenerator:52 - Writting following API classes in project: []
17:04:05.538 [Worker-27] DEBUG o.a.g.SourceCodewriter:55 - Generating class: com.tz.xiyoulibrary.activity.login.view.LoginActivity_
17:04:05.553 [Worker-27] INFO  o.a.p.TimeStats:81 - Time measurements: [Whole Processing = 78 ms], [Extract Manifest = 16 ms], [Find R Classes = 16 ms], [Process Annotations = 16 ms], [Validate Annotations = 15 ms], [Generate Sources = 15 ms], [Extract Annotations = 0 ms], 
17:04:05.569 [Worker-27] INFO  o.a.AndroidAnnotationProcessor:122 - Finish processing
17:04:38.712 [Worker-36] INFO  o.a.AndroidAnnotationProcessor:84 - Initialize AndroidAnnotations 3.2 with options {phase=BUILD}
17:13:28.101 [Worker-39] INFO  o.a.AndroidAnnotationProcessor:84 - Initialize AndroidAnnotations 3.2 with options {phase=BUILD}
17:38:14.252 [Worker-50] INFO  o.a.AndroidAnnotationProcessor:84 - Initialize AndroidAnnotations 3.2 with options {phase=BUILD}
17:40:34.457 [Worker-53] INFO  o.a.AndroidAnnotationProcessor:84 - Initialize AndroidAnnotations 3.2 with options {phase=BUILD}
